<?xml version="1.0" encoding="UTF-8"?>
<!-- Generated by org.testng.reporters.JUnitReportReporter -->
<testsuite hostname="DESKTOP-ER4I9TE" failures="0" tests="1" name="com.automation.Testcase1" time="20.391" errors="0" timestamp="2023-01-06T17:13:48 IST" skipped="0">
  <testcase classname="com.automation.Testcase1" name="tc1" time="20.391"/>
  <system-out/>
</testsuite> <!-- com.automation.Testcase1 -->
